2026-03-12 22:37:13,996 [INFO] 日本株ユニバース: 32銘柄
2026-03-12 22:37:15,835 [INFO] 日本株メトリクス取得: 32銘柄
2026-03-12 22:37:16,727 [INFO] Grok呼び出し開始
2026-03-12 22:38:02,903 [INFO] HTTP Request: POST https://api.x.ai/v1/responses "HTTP/1.1 200 OK"
2026-03-12 22:38:02,986 [INFO] Grok応答受信
2026-03-12 22:38:02,987 [INFO] LINE送信開始
2026-03-12 22:47:02,147 [INFO] 日本株ユニバース: 32銘柄
2026-03-12 22:47:04,545 [INFO] 日本株メトリクス取得: 32銘柄
2026-03-12 22:47:05,045 [INFO] Grok呼び出し開始
2026-03-12 22:53:41,696 [INFO] HTTP Request: POST https://api.x.ai/v1/responses "HTTP/1.1 200 OK"
2026-03-12 22:53:41,794 [INFO] Grok応答受信
2026-03-12 22:53:41,800 [INFO] Discord送信開始
2026-03-12 22:53:42,290 [INFO] Discord送信完了
2026-03-12 23:07:16,975 [INFO] 日本株ユニバース: 32銘柄
2026-03-12 23:07:18,699 [INFO] 日本株メトリクス取得: 32銘柄
2026-03-12 23:07:19,129 [INFO] Grok呼び出し開始
2026-03-12 23:08:12,845 [INFO] HTTP Request: POST https://api.x.ai/v1/responses "HTTP/1.1 200 OK"
2026-03-12 23:08:12,949 [INFO] Grok応答受信
2026-03-12 23:08:12,955 [INFO] Discord送信開始
2026-03-12 23:08:13,276 [INFO] Discord送信完了
